<?xml version="1.0" encoding="UTF-8"?>
<testsuite xmlns:xsi="http://www.w3.org/2001/XMLSchema-instance" xsi:noNamespaceSchemaLocation="https://maven.apache.org/surefire/maven-surefire-plugin/xsd/surefire-test-report-3.0.xsd" version="3.0" name="BeaureaticSystems.Tests" time="7.514" tests="1" errors="0" skipped="0" failures="0">
  <properties>
[...]
</properties>
  <testcase name="contextLoads" classname="BeaureaticSystems.Tests" time="0.718">
    <system-out><![CDATA[20:55:31.539 [main] INFO org.springframework.test.context.support.AnnotationConfigContextLoaderUtils -- Could not detect default configuration classes for test class [BeaureaticSystems.Tests]: Tests does not declare any static, non-private, non-final, nested classes annotated with @Configuration.
20:55:31.721 [main] INFO org.springframework.boot.test.context.SpringBootTestContextBootstrapper -- Found @SpringBootConfiguration BeaureaticSystems.Application for test class BeaureaticSystems.Tests

  .   ____          _            __ _ _
 /\\ / ___'_ __ _ _(_)_ __  __ _ \ \ \ \
( ( )\___ | '_ | '_| | '_ \/ _` | \ \ \ \
 \\/  ___)| |_)| | | | | || (_| |  ) ) ) )
  '  |____| .__|_| |_|_| |_\__, | / / / /
 =========|_|==============|___/=/_/_/_/
 :: Spring Boot ::                (v3.1.2)

2024-11-26T20:55:32.283+02:00  INFO 36040 --- [           main] BeaureaticSystems.Tests                  : Starting Tests using Java 19.0.1 with PID 36040 (started by chris in D:\PCBE\FlowerPower\FPproject\Spring\licenta)
2024-11-26T20:55:32.285+02:00  INFO 36040 --- [           main] BeaureaticSystems.Tests                  : No active profile set, falling back to 1 default profile: "default"
2024-11-26T20:55:33.400+02:00  INFO 36040 --- [           main] .s.d.r.c.RepositoryConfigurationDelegate : Bootstrapping Spring Data JPA repositories in DEFAULT mode.
2024-11-26T20:55:33.501+02:00  INFO 36040 --- [           main] .s.d.r.c.RepositoryConfigurationDelegate : Finished Spring Data repository scanning in 89 ms. Found 4 JPA repository interfaces.
2024-11-26T20:55:34.171+02:00  INFO 36040 --- [           main] o.hibernate.jpa.internal.util.LogHelper  : HHH000204: Processing PersistenceUnitInfo [name: default]
2024-11-26T20:55:34.259+02:00  INFO 36040 --- [           main] org.hibernate.Version                    : HHH000412: Hibernate ORM core version 6.2.6.Final
2024-11-26T20:55:34.264+02:00  INFO 36040 --- [           main] org.hibernate.cfg.Environment            : HHH000406: Using bytecode reflection optimizer
2024-11-26T20:55:34.527+02:00  INFO 36040 --- [           main] o.h.b.i.BytecodeProviderInitiator        : HHH000021: Bytecode provider name : bytebuddy
2024-11-26T20:55:34.716+02:00  INFO 36040 --- [           main] o.s.o.j.p.SpringPersistenceUnitInfo      : No LoadTimeWeaver setup: ignoring JPA class transformer
2024-11-26T20:55:34.738+02:00  INFO 36040 --- [           main] com.zaxxer.hikari.HikariDataSource       : HikariPool-1 - Starting...
2024-11-26T20:55:35.035+02:00  INFO 36040 --- [           main] com.zaxxer.hikari.pool.HikariPool        : HikariPool-1 - Added connection com.mysql.cj.jdbc.ConnectionImpl@45e7bb79
2024-11-26T20:55:35.037+02:00  INFO 36040 --- [           main] com.zaxxer.hikari.HikariDataSource       : HikariPool-1 - Start completed.
2024-11-26T20:55:35.126+02:00  WARN 36040 --- [           main] org.hibernate.dialect.Dialect            : HHH000511: The 5.5.0 version for [org.hibernate.dialect.MySQLDialect] is no longer supported, hence certain features may not work properly. The minimum supported version is 5.7.0. Check the community dialects project for available legacy versions.
2024-11-26T20:55:35.483+02:00  INFO 36040 --- [           main] o.h.b.i.BytecodeProviderInitiator        : HHH000021: Bytecode provider name : bytebuddy
2024-11-26T20:55:36.310+02:00  INFO 36040 --- [           main] o.h.e.t.j.p.i.JtaPlatformInitiator       : HHH000490: Using JtaPlatform implementation: [org.hibernate.engine.transaction.jta.platform.internal.NoJtaPlatform]
2024-11-26T20:55:36.428+02:00  INFO 36040 --- [           main] j.LocalContainerEntityManagerFactoryBean : Initialized JPA EntityManagerFactory for persistence unit 'default'
2024-11-26T20:55:36.909+02:00  WARN 36040 --- [           main] JpaBaseConfiguration$JpaWebConfiguration : spring.jpa.open-in-view is enabled by default. Therefore, database queries may be performed during view rendering. Explicitly configure spring.jpa.open-in-view to disable this warning
2024-11-26T20:55:37.578+02:00  INFO 36040 --- [           main] o.s.s.web.DefaultSecurityFilterChain     : Will secure any request with [org.springframework.security.web.session.DisableEncodeUrlFilter@21457b14, org.springframework.security.web.context.request.async.WebAsyncManagerIntegrationFilter@7e484bd, org.springframework.security.web.context.SecurityContextHolderFilter@6ce24203, org.springframework.security.web.header.HeaderWriterFilter@64a8851a, org.springframework.security.web.authentication.logout.LogoutFilter@37fc7e3c, org.springframework.security.web.savedrequest.RequestCacheAwareFilter@29811d4d, org.springframework.security.web.servletapi.SecurityContextHolderAwareRequestFilter@2ffaa711, org.springframework.security.web.authentication.AnonymousAuthenticationFilter@7e1ae693, org.springframework.security.web.access.ExceptionTranslationFilter@362e6fe, org.springframework.security.web.access.intercept.AuthorizationFilter@26a004ed]
2024-11-26T20:55:38.071+02:00  INFO 36040 --- [           main] BeaureaticSystems.Tests                  : Started Tests in 6.149 seconds (process running for 7.501)
]]></system-out>
  </testcase>
</testsuite>